This is pdfTeX, Version 3.141592653-2.6-1.40.24 (TeX Live 2022) (preloaded format=pdflatex 2022.6.23)  29 JUN 2022 09:42
entering extended mode
 restricted \write18 enabled.
 %&-line parsing enabled.
**paper.tex
(./paper.tex
LaTeX2e <2021-11-15> patch level 1
L3 programming layer <2022-04-20> (./elsarticle.cls
Document Class: elsarticle 2008/05/22, 1.0.1: Elsevier Science
\@bls=\dimen138
(/usr/local/texlive/texmf-dist/tex/latex/base/article.cls
Document Class: article 2021/10/04 v1.4n Standard LaTeX document class
(/usr/local/texlive/texmf-dist/tex/latex/base/size10.clo
File: size10.clo 2021/10/04 v1.4n Standard LaTeX file (size option)
)
\c@part=\count185
\c@section=\count186
\c@subsection=\count187
\c@subsubsection=\count188
\c@paragraph=\count189
\c@subparagraph=\count190
\c@figure=\count191
\c@table=\count192
\abovecaptionskip=\skip47
\belowcaptionskip=\skip48
\bibindent=\dimen139
) (/usr/local/texlive/texmf-dist/tex/latex/graphics/graphicx.sty
Package: graphicx 2021/09/16 v1.2d Enhanced LaTeX Graphics (DPC,SPQR)
(/usr/local/texlive/texmf-dist/tex/latex/graphics/keyval.sty
Package: keyval 2014/10/28 v1.15 key=value parser (DPC)
\KV@toks@=\toks16
) (/usr/local/texlive/texmf-dist/tex/latex/graphics/graphics.sty
Package: graphics 2021/03/04 v1.4d Standard LaTeX Graphics (DPC,SPQR)
(/usr/local/texlive/texmf-dist/tex/latex/graphics/trig.sty
Package: trig 2021/08/11 v1.11 sin cos tan (DPC)
) (/usr/local/texlive/texmf-dist/tex/latex/graphics-cfg/graphics.cfg
File: graphics.cfg 2016/06/04 v1.11 sample graphics configuration
)
Package graphics Info: Driver file: pdftex.def on input line 107.
(/usr/local/texlive/texmf-dist/tex/latex/graphics-def/pdftex.def
File: pdftex.def 2020/10/05 v1.2a Graphics/color driver for pdftex
))
\Gin@req@height=\dimen140
\Gin@req@width=\dimen141
) (/usr/local/texlive/texmf-dist/tex/latex/psnfss/pifont.sty
Package: pifont 2020/03/25 PSNFSS-v9.3 Pi font support (SPQR) 
LaTeX Font Info:    Trying to load font information for U+pzd on input line 63.

(/usr/local/texlive/texmf-dist/tex/latex/psnfss/upzd.fd
File: upzd.fd 2001/06/04 font definitions for U/pzd.
)
LaTeX Font Info:    Trying to load font information for U+psy on input line 64.

(/usr/local/texlive/texmf-dist/tex/latex/psnfss/upsy.fd
File: upsy.fd 2001/06/04 font definitions for U/psy.
))
\c@tnote=\count193
\c@fnote=\count194
\c@cnote=\count195
\c@ead=\count196
\c@author=\count197
\@eadauthor=\toks17
\c@affn=\count198
\absbox=\box50
\keybox=\box51
\Columnwidth=\dimen142
\space@left=\dimen143
\els@boxa=\box52
\els@boxb=\box53
\leftMargin=\dimen144
\@enLab=\toks18
\@sep=\skip49
\@@sep=\skip50
(./paper.spl) (/usr/local/texlive/texmf-dist/tex/latex/natbib/natbib.sty
Package: natbib 2010/09/13 8.31b (PWD, AO)
\bibhang=\skip51
\bibsep=\skip52
LaTeX Info: Redefining \cite on input line 694.
\c@NAT@ctr=\count199
)
\splwrite=\write3
\openout3 = `paper.spl'.

) (/usr/local/texlive/texmf-dist/tex/latex/url/url.sty
\Urlmuskip=\muskip16
Package: url 2013/09/16  ver 3.4  Verb mode for urls, etc.
) (/usr/local/texlive/texmf-dist/tex/latex/lineno/lineno.sty
Package: lineno 2005/11/02 line numbers on paragraphs v4.41
\linenopenalty=\count266
\output=\toks19
\linenoprevgraf=\count267
\linenumbersep=\dimen145
\linenumberwidth=\dimen146
\c@linenumber=\count268
\c@pagewiselinenumber=\count269
\c@LN@truepage=\count270
\c@internallinenumber=\count271
\c@internallinenumbers=\count272
\quotelinenumbersep=\dimen147
\bframerule=\dimen148
\bframesep=\dimen149
\bframebox=\box54
LaTeX Info: Redefining \\ on input line 3056.
) (/usr/local/texlive/texmf-dist/tex/latex/base/fontenc.sty
Package: fontenc 2021/04/29 v2.0v Standard LaTeX package
) (/usr/local/texlive/texmf-dist/tex/latex/lm/lmodern.sty
Package: lmodern 2015/05/01 v1.6.1 Latin Modern Fonts
LaTeX Font Info:    Overwriting symbol font `operators' in version `normal'
(Font)                  OT1/cmr/m/n --> OT1/lmr/m/n on input line 22.
LaTeX Font Info:    Overwriting symbol font `letters' in version `normal'
(Font)                  OML/cmm/m/it --> OML/lmm/m/it on input line 23.
LaTeX Font Info:    Overwriting symbol font `symbols' in version `normal'
(Font)                  OMS/cmsy/m/n --> OMS/lmsy/m/n on input line 24.
LaTeX Font Info:    Overwriting symbol font `largesymbols' in version `normal'
(Font)                  OMX/cmex/m/n --> OMX/lmex/m/n on input line 25.
LaTeX Font Info:    Overwriting symbol font `operators' in version `bold'
(Font)                  OT1/cmr/bx/n --> OT1/lmr/bx/n on input line 26.
LaTeX Font Info:    Overwriting symbol font `letters' in version `bold'
(Font)                  OML/cmm/b/it --> OML/lmm/b/it on input line 27.
LaTeX Font Info:    Overwriting symbol font `symbols' in version `bold'
(Font)                  OMS/cmsy/b/n --> OMS/lmsy/b/n on input line 28.
LaTeX Font Info:    Overwriting symbol font `largesymbols' in version `bold'
(Font)                  OMX/cmex/m/n --> OMX/lmex/m/n on input line 29.
LaTeX Font Info:    Overwriting math alphabet `\mathbf' in version `normal'
(Font)                  OT1/cmr/bx/n --> OT1/lmr/bx/n on input line 31.
LaTeX Font Info:    Overwriting math alphabet `\mathsf' in version `normal'
(Font)                  OT1/cmss/m/n --> OT1/lmss/m/n on input line 32.
LaTeX Font Info:    Overwriting math alphabet `\mathit' in version `normal'
(Font)                  OT1/cmr/m/it --> OT1/lmr/m/it on input line 33.
LaTeX Font Info:    Overwriting math alphabet `\mathtt' in version `normal'
(Font)                  OT1/cmtt/m/n --> OT1/lmtt/m/n on input line 34.
LaTeX Font Info:    Overwriting math alphabet `\mathbf' in version `bold'
(Font)                  OT1/cmr/bx/n --> OT1/lmr/bx/n on input line 35.
LaTeX Font Info:    Overwriting math alphabet `\mathsf' in version `bold'
(Font)                  OT1/cmss/bx/n --> OT1/lmss/bx/n on input line 36.
LaTeX Font Info:    Overwriting math alphabet `\mathit' in version `bold'
(Font)                  OT1/cmr/bx/it --> OT1/lmr/bx/it on input line 37.
LaTeX Font Info:    Overwriting math alphabet `\mathtt' in version `bold'
(Font)                  OT1/cmtt/m/n --> OT1/lmtt/m/n on input line 38.
) (/usr/local/texlive/texmf-dist/tex/latex/amsfonts/amssymb.sty
Package: amssymb 2013/01/14 v3.01 AMS font symbols
(/usr/local/texlive/texmf-dist/tex/latex/amsfonts/amsfonts.sty
Package: amsfonts 2013/01/14 v3.01 Basic AMSFonts support
\@emptytoks=\toks20
\symAMSa=\mathgroup4
\symAMSb=\mathgroup5
LaTeX Font Info:    Redeclaring math symbol \hbar on input line 98.
LaTeX Font Info:    Overwriting math alphabet `\mathfrak' in version `bold'
(Font)                  U/euf/m/n --> U/euf/b/n on input line 106.
)) (/usr/local/texlive/texmf-dist/tex/latex/amsmath/amsmath.sty
Package: amsmath 2021/10/15 v2.17l AMS math features
\@mathmargin=\skip53
For additional information on amsmath, use the `?' option.
(/usr/local/texlive/texmf-dist/tex/latex/amsmath/amstext.sty
Package: amstext 2021/08/26 v2.01 AMS text
(/usr/local/texlive/texmf-dist/tex/latex/amsmath/amsgen.sty
File: amsgen.sty 1999/11/30 v2.0 generic functions
\@emptytoks=\toks21
\ex@=\dimen150
)) (/usr/local/texlive/texmf-dist/tex/latex/amsmath/amsbsy.sty
Package: amsbsy 1999/11/29 v1.2d Bold Symbols
\pmbraise@=\dimen151
) (/usr/local/texlive/texmf-dist/tex/latex/amsmath/amsopn.sty
Package: amsopn 2021/08/26 v2.02 operator names
)
\inf@bad=\count273
LaTeX Info: Redefining \frac on input line 234.
\uproot@=\count274
\leftroot@=\count275
LaTeX Info: Redefining \overline on input line 399.
\classnum@=\count276
\DOTSCASE@=\count277
LaTeX Info: Redefining \ldots on input line 496.
LaTeX Info: Redefining \dots on input line 499.
LaTeX Info: Redefining \cdots on input line 620.
\Mathstrutbox@=\box55
\strutbox@=\box56
\big@size=\dimen152
LaTeX Font Info:    Redeclaring font encoding OML on input line 743.
LaTeX Font Info:    Redeclaring font encoding OMS on input line 744.
\macc@depth=\count278
\c@MaxMatrixCols=\count279
\dotsspace@=\muskip17
\c@parentequation=\count280
\dspbrk@lvl=\count281
\tag@help=\toks22
\row@=\count282
\column@=\count283
\maxfields@=\count284
\andhelp@=\toks23
\eqnshift@=\dimen153
\alignsep@=\dimen154
\tagshift@=\dimen155
\tagwidth@=\dimen156
\totwidth@=\dimen157
\lineht@=\dimen158
\@envbody=\toks24
\multlinegap=\skip54
\multlinetaggap=\skip55
\mathdisplay@stack=\toks25
LaTeX Info: Redefining \[ on input line 2938.
LaTeX Info: Redefining \] on input line 2939.
) (/usr/local/texlive/texmf-dist/tex/generic/iftex/ifxetex.sty
Package: ifxetex 2019/10/25 v0.7 ifxetex legacy package. Use iftex instead.
(/usr/local/texlive/texmf-dist/tex/generic/iftex/iftex.sty
Package: iftex 2022/02/03 v1.0f TeX engine tests
)) (/usr/local/texlive/texmf-dist/tex/generic/iftex/ifluatex.sty
Package: ifluatex 2019/10/25 v1.5 ifluatex legacy package. Use iftex instead.
) (/usr/local/texlive/texmf-dist/tex/latex/base/fixltx2e.sty
Package: fixltx2e 2016/12/29 v2.1a fixes to LaTeX (obsolete)
Applying: [2015/01/01] Old fixltx2e package on input line 46.

Package fixltx2e Warning: fixltx2e is not required with releases after 2015
(fixltx2e)                All fixes are now in the LaTeX kernel.
(fixltx2e)                See the latexrelease package for details.

Already applied: [0000/00/00] Old fixltx2e package on input line 53.
) (/usr/local/texlive/texmf-dist/tex/latex/base/inputenc.sty
Package: inputenc 2021/02/14 v1.3d Input encoding file
\inpenc@prehook=\toks26
\inpenc@posthook=\toks27
) (/usr/local/texlive/texmf-dist/tex/latex/hyperref/hyperref.sty
Package: hyperref 2022-02-21 v7.00n Hypertext links for LaTeX
(/usr/local/texlive/texmf-dist/tex/generic/ltxcmds/ltxcmds.sty
Package: ltxcmds 2020-05-10 v1.25 LaTeX kernel commands for general use (HO)
) (/usr/local/texlive/texmf-dist/tex/generic/pdftexcmds/pdftexcmds.sty
Package: pdftexcmds 2020-06-27 v0.33 Utility functions of pdfTeX for LuaTeX (HO
)
(/usr/local/texlive/texmf-dist/tex/generic/infwarerr/infwarerr.sty
Package: infwarerr 2019/12/03 v1.5 Providing info/warning/error messages (HO)
)
Package pdftexcmds Info: \pdf@primitive is available.
Package pdftexcmds Info: \pdf@ifprimitive is available.
Package pdftexcmds Info: \pdfdraftmode found.
) (/usr/local/texlive/texmf-dist/tex/generic/kvsetkeys/kvsetkeys.sty
Package: kvsetkeys 2019/12/15 v1.18 Key value parser (HO)
) (/usr/local/texlive/texmf-dist/tex/generic/kvdefinekeys/kvdefinekeys.sty
Package: kvdefinekeys 2019-12-19 v1.6 Define keys (HO)
) (/usr/local/texlive/texmf-dist/tex/generic/pdfescape/pdfescape.sty
Package: pdfescape 2019/12/09 v1.15 Implements pdfTeX's escape features (HO)
) (/usr/local/texlive/texmf-dist/tex/latex/hycolor/hycolor.sty
Package: hycolor 2020-01-27 v1.10 Color options for hyperref/bookmark (HO)
) (/usr/local/texlive/texmf-dist/tex/latex/letltxmacro/letltxmacro.sty
Package: letltxmacro 2019/12/03 v1.6 Let assignment for LaTeX macros (HO)
) (/usr/local/texlive/texmf-dist/tex/latex/auxhook/auxhook.sty
Package: auxhook 2019-12-17 v1.6 Hooks for auxiliary files (HO)
) (/usr/local/texlive/texmf-dist/tex/latex/kvoptions/kvoptions.sty
Package: kvoptions 2020-10-07 v3.14 Key value format for package options (HO)
)
\@linkdim=\dimen159
\Hy@linkcounter=\count285
\Hy@pagecounter=\count286
(/usr/local/texlive/texmf-dist/tex/latex/hyperref/pd1enc.def
File: pd1enc.def 2022-02-21 v7.00n Hyperref: PDFDocEncoding definition (HO)
Now handling font encoding PD1 ...
... no UTF-8 mapping file for font encoding PD1
) (/usr/local/texlive/texmf-dist/tex/generic/intcalc/intcalc.sty
Package: intcalc 2019/12/15 v1.3 Expandable calculations with integers (HO)
) (/usr/local/texlive/texmf-dist/tex/generic/etexcmds/etexcmds.sty
Package: etexcmds 2019/12/15 v1.7 Avoid name clashes with e-TeX commands (HO)
)
\Hy@SavedSpaceFactor=\count287
(/usr/local/texlive/texmf-dist/tex/latex/hyperref/puenc.def
File: puenc.def 2022-02-21 v7.00n Hyperref: PDF Unicode definition (HO)
Now handling font encoding PU ...
... no UTF-8 mapping file for font encoding PU
)
Package hyperref Info: Option `unicode' set `true' on input line 4018.
Package hyperref Info: Hyper figures OFF on input line 4137.
Package hyperref Info: Link nesting OFF on input line 4142.
Package hyperref Info: Hyper index ON on input line 4145.
Package hyperref Info: Plain pages OFF on input line 4152.
Package hyperref Info: Backreferencing OFF on input line 4157.
Package hyperref Info: Implicit mode ON; LaTeX internals redefined.
Package hyperref Info: Bookmarks ON on input line 4390.
\c@Hy@tempcnt=\count288
LaTeX Info: Redefining \url on input line 4749.
\XeTeXLinkMargin=\dimen160
(/usr/local/texlive/texmf-dist/tex/generic/bitset/bitset.sty
Package: bitset 2019/12/09 v1.3 Handle bit-vector datatype (HO)
(/usr/local/texlive/texmf-dist/tex/generic/bigintcalc/bigintcalc.sty
Package: bigintcalc 2019/12/15 v1.5 Expandable calculations on big integers (HO
)
))
\Fld@menulength=\count289
\Field@Width=\dimen161
\Fld@charsize=\dimen162
Package hyperref Info: Hyper figures OFF on input line 6027.
Package hyperref Info: Link nesting OFF on input line 6032.
Package hyperref Info: Hyper index ON on input line 6035.
Package hyperref Info: backreferencing OFF on input line 6042.
Package hyperref Info: Link coloring OFF on input line 6047.
Package hyperref Info: Link coloring with OCG OFF on input line 6052.
Package hyperref Info: PDF/A mode OFF on input line 6057.
LaTeX Info: Redefining \ref on input line 6097.
LaTeX Info: Redefining \pageref on input line 6101.
(/usr/local/texlive/texmf-dist/tex/latex/base/atbegshi-ltx.sty
Package: atbegshi-ltx 2021/01/10 v1.0c Emulation of the original atbegshi
package with kernel methods
)
\Hy@abspage=\count290
\c@Item=\count291
\c@Hfootnote=\count292
)
Package hyperref Info: Driver (autodetected): hpdftex.
(/usr/local/texlive/texmf-dist/tex/latex/hyperref/hpdftex.def
File: hpdftex.def 2022-02-21 v7.00n Hyperref driver for pdfTeX
(/usr/local/texlive/texmf-dist/tex/latex/base/atveryend-ltx.sty
Package: atveryend-ltx 2020/08/19 v1.0a Emulation of the original atveryend pac
kage
with kernel methods
)
\Fld@listcount=\count293
\c@bookmark@seq@number=\count294
(/usr/local/texlive/texmf-dist/tex/latex/rerunfilecheck/rerunfilecheck.sty
Package: rerunfilecheck 2019/12/05 v1.9 Rerun checks for auxiliary files (HO)
(/usr/local/texlive/texmf-dist/tex/generic/uniquecounter/uniquecounter.sty
Package: uniquecounter 2019/12/15 v1.4 Provide unlimited unique counter (HO)
)
Package uniquecounter Info: New unique counter `rerunfilecheck' on input line 2
86.
)
\Hy@SectionHShift=\skip56
)
Package hyperref Info: Option `breaklinks' set `true' on input line 47.

Package hyperref Warning: Option `bookmarks' has already been used,
(hyperref)                setting the option has no effect on input line 47.

Package hyperref Info: Option `colorlinks' set `false' on input line 47.
(/usr/local/texlive/texmf-dist/tex/latex/tools/longtable.sty
Package: longtable 2021-09-01 v4.17 Multi-page Table package (DPC)
\LTleft=\skip57
\LTright=\skip58
\LTpre=\skip59
\LTpost=\skip60
\LTchunksize=\count295
\LTcapwidth=\dimen163
\LT@head=\box57
\LT@firsthead=\box58
\LT@foot=\box59
\LT@lastfoot=\box60
\LT@gbox=\box61
\LT@cols=\count296
\LT@rows=\count297
\c@LT@tables=\count298
\c@LT@chunks=\count299
\LT@p@ftn=\toks28
) (/usr/local/texlive/texmf-dist/tex/latex/booktabs/booktabs.sty
Package: booktabs 2020/01/12 v1.61803398 Publication quality tables
\heavyrulewidth=\dimen164
\lightrulewidth=\dimen165
\cmidrulewidth=\dimen166
\belowrulesep=\dimen167
\belowbottomsep=\dimen168
\aboverulesep=\dimen169
\abovetopsep=\dimen170
\cmidrulesep=\dimen171
\cmidrulekern=\dimen172
\defaultaddspace=\dimen173
\@cmidla=\count300
\@cmidlb=\count301
\@aboverulesep=\dimen174
\@belowrulesep=\dimen175
\@thisruleclass=\count302
\@lastruleclass=\count303
\@thisrulewidth=\dimen176
) (/usr/local/texlive/texmf-dist/tex/latex/tools/array.sty
Package: array 2021/10/04 v2.5f Tabular extension package (FMi)
\col@sep=\dimen177
\ar@mcellbox=\box62
\extrarowheight=\dimen178
\NC@list=\toks29
\extratabsurround=\skip61
\backup@length=\skip62
\ar@cellbox=\box63
) (/usr/local/texlive/texmf-dist/tex/latex/tools/calc.sty
Package: calc 2017/05/25 v4.3 Infix arithmetic (KKT,FJ)
\calc@Acount=\count304
\calc@Bcount=\count305
\calc@Adimen=\dimen179
\calc@Bdimen=\dimen180
\calc@Askip=\skip63
\calc@Bskip=\skip64
LaTeX Info: Redefining \setlength on input line 80.
LaTeX Info: Redefining \addtolength on input line 81.
\calc@Ccount=\count306
\calc@Cskip=\skip65
) (/usr/local/texlive/texmf-dist/tex/latex/etoolbox/etoolbox.sty
Package: etoolbox 2020/10/05 v2.5k e-TeX tools for LaTeX (JAW)
\etb@tempcnta=\count307
) (/usr/local/texlive/texmf-dist/tex/latex/mdwtools/footnote.sty
Package: footnote 1997/01/28 1.13 Save footnotes around boxes
\fn@notes=\box64
\fn@width=\dimen181
)
\cslhangindent=\skip66
\csllabelwidth=\skip67
\cslentryspacingunit=\skip68
(/usr/local/texlive/texmf-dist/tex/latex/geometry/geometry.sty
Package: geometry 2020/01/02 v5.9 Page Geometry
(/usr/local/texlive/texmf-dist/tex/generic/iftex/ifvtex.sty
Package: ifvtex 2019/10/25 v1.7 ifvtex legacy package. Use iftex instead.
)
\Gm@cnth=\count308
\Gm@cntv=\count309
\c@Gm@tempcnt=\count310
\Gm@bindingoffset=\dimen182
\Gm@wd@mp=\dimen183
\Gm@odd@mp=\dimen184
\Gm@even@mp=\dimen185
\Gm@layoutwidth=\dimen186
\Gm@layoutheight=\dimen187
\Gm@layouthoffset=\dimen188
\Gm@layoutvoffset=\dimen189
\Gm@dimlist=\toks30
) (/usr/local/texlive/texmf-dist/tex/latex/graphics/lscape.sty
Package: lscape 2020/05/28 v3.02 Landscape Pages (DPC)
) (/usr/local/texlive/texmf-dist/tex/latex/caption/caption.sty
Package: caption 2022/03/01 v3.6b Customizing captions (AR)
(/usr/local/texlive/texmf-dist/tex/latex/caption/caption3.sty
Package: caption3 2022/03/17 v2.3b caption3 kernel (AR)
\caption@tempdima=\dimen190
\captionmargin=\dimen191
\caption@leftmargin=\dimen192
\caption@rightmargin=\dimen193
\caption@width=\dimen194
\caption@indent=\dimen195
\caption@parindent=\dimen196
\caption@hangindent=\dimen197
Package caption Info: elsarticle document class detected.
(/usr/local/texlive/texmf-dist/tex/latex/caption/caption-elsarticle.sto
File: caption-elsarticle.sto 2020/08/22 v2.0 Adaption of the caption package to
 the elsarticle document class (AR)
))
\c@caption@flags=\count311
\c@continuedfloat=\count312
Package caption Info: hyperref package is loaded.
Package caption Info: longtable package is loaded.
(/usr/local/texlive/texmf-dist/tex/latex/caption/ltcaption.sty
Package: ltcaption 2021/01/08 v1.4c longtable captions (AR)
)) (/usr/local/texlive/texmf-dist/tex/latex/multirow/multirow.sty
Package: multirow 2021/03/15 v2.8 Span multiple rows of a table
\multirow@colwidth=\skip69
\multirow@cntb=\count313
\multirow@dima=\skip70
\bigstrutjot=\dimen198
) (/usr/local/texlive/texmf-dist/tex/latex/wrapfig/wrapfig.sty
\wrapoverhang=\dimen199
\WF@size=\dimen256
\c@WF@wrappedlines=\count314
\WF@box=\box65
\WF@everypar=\toks31
Package: wrapfig 2003/01/31  v 3.6
) (/usr/local/texlive/texmf-dist/tex/latex/float/float.sty
Package: float 2001/11/08 v1.3d Float enhancements (AL)
\c@float@type=\count315
\float@exts=\toks32
\float@box=\box66
\@float@everytoks=\toks33
\@floatcapt=\box67
) (/usr/local/texlive/texmf-dist/tex/latex/colortbl/colortbl.sty
Package: colortbl 2020/01/04 v1.0e Color table columns (DPC)
(/usr/local/texlive/texmf-dist/tex/latex/graphics/color.sty
Package: color 2021/12/07 v1.3c Standard LaTeX Color (DPC)
(/usr/local/texlive/texmf-dist/tex/latex/graphics-cfg/color.cfg
File: color.cfg 2016/01/02 v1.6 sample color configuration
)
Package color Info: Driver file: pdftex.def on input line 149.
)
\everycr=\toks34
\minrowclearance=\skip71
) (/usr/local/texlive/texmf-dist/tex/latex/pdflscape/pdflscape.sty
Package: pdflscape 2019/12/05 v0.12 Display of landscape pages in PDF (HO)
Package pdflscape Info: Auto-detected driver: pdftex on input line 81.
) (/usr/local/texlive/texmf-dist/tex/latex/tabu/tabu.sty
Package: tabu 2019/01/11 v2.9 - flexible LaTeX tabulars (FC+tabu-fixed)
(/usr/local/texlive/texmf-dist/tex/latex/varwidth/varwidth.sty
Package: varwidth 2009/03/30 ver 0.92;  Variable-width minipages
\@vwid@box=\box68
\sift@deathcycles=\count316
\@vwid@loff=\dimen257
\@vwid@roff=\dimen258
)
\c@taburow=\count317
\tabu@nbcols=\count318
\tabu@cnt=\count319
\tabu@Xcol=\count320
\tabu@alloc=\count321
\tabu@nested=\count322
\tabu@target=\dimen259
\tabu@spreadtarget=\dimen260
\tabu@naturalX=\dimen261
\tabucolX=\dimen262
\tabu@Xsum=\dimen263
\extrarowdepth=\dimen264
\abovetabulinesep=\dimen265
\belowtabulinesep=\dimen266
\tabustrutrule=\dimen267
\tabu@thebody=\toks35
\tabu@footnotes=\toks36
\tabu@box=\box69
\tabu@arstrutbox=\box70
\tabu@hleads=\box71
\tabu@vleads=\box72
\tabu@cellskip=\skip72
) (/usr/local/texlive/texmf-dist/tex/latex/threeparttable/threeparttable.sty
Package: threeparttable 2003/06/13  v 3.0
\@tempboxb=\box73
) (/usr/local/texlive/texmf-dist/tex/latex/threeparttablex/threeparttablex.sty
Package: threeparttablex 2013/07/23 v0.3 by daleif
(/usr/local/texlive/texmf-dist/tex/latex/environ/environ.sty
Package: environ 2014/05/04 v0.3 A new way to define environments
(/usr/local/texlive/texmf-dist/tex/latex/trimspaces/trimspaces.sty
Package: trimspaces 2009/09/17 v1.1 Trim spaces around a token list
))
\TPTL@width=\skip73
) (/usr/local/texlive/texmf-dist/tex/generic/ulem/ulem.sty
\UL@box=\box74
\UL@hyphenbox=\box75
\UL@skip=\skip74
\UL@hook=\toks37
\UL@height=\dimen268
\UL@pe=\count323
\UL@pixel=\dimen269
\ULC@box=\box76
Package: ulem 2019/11/18
\ULdepth=\dimen270
) (/usr/local/texlive/texmf-dist/tex/latex/makecell/makecell.sty
Package: makecell 2009/08/03 V0.1e Managing of Tab Column Heads and Cells
\rotheadsize=\dimen271
\c@nlinenum=\count324
\TeXr@lab=\toks38
) (/usr/local/texlive/texmf-dist/tex/latex/xcolor/xcolor.sty
Package: xcolor 2021/10/31 v2.13 LaTeX color extensions (UK)
(/usr/local/texlive/texmf-dist/tex/latex/graphics-cfg/color.cfg
File: color.cfg 2016/01/02 v1.6 sample color configuration
)
Package xcolor Info: Driver file: pdftex.def on input line 227.
LaTeX Info: Redefining \color on input line 711.
Package xcolor Info: Model `cmy' substituted by `cmy0' on input line 1352.
Package xcolor Info: Model `hsb' substituted by `rgb' on input line 1356.
Package xcolor Info: Model `RGB' extended on input line 1368.
Package xcolor Info: Model `HTML' substituted by `rgb' on input line 1370.
Package xcolor Info: Model `Hsb' substituted by `hsb' on input line 1371.
Package xcolor Info: Model `tHsb' substituted by `hsb' on input line 1372.
Package xcolor Info: Model `HSB' substituted by `hsb' on input line 1373.
Package xcolor Info: Model `Gray' substituted by `gray' on input line 1374.
Package xcolor Info: Model `wave' substituted by `hsb' on input line 1375.
)
LaTeX Font Info:    Trying to load font information for T1+lmr on input line 12
1.
(/usr/local/texlive/texmf-dist/tex/latex/lm/t1lmr.fd
File: t1lmr.fd 2015/05/01 v1.6.1 Font defs for Latin Modern
) (/usr/local/texlive/texmf-dist/tex/latex/l3backend/l3backend-pdftex.def
File: l3backend-pdftex.def 2022-04-20 L3 backend support: PDF output (pdfTeX)
\l__color_backend_stack_int=\count325
\l__pdf_internal_box=\box77
) (./paper.aux)
\openout1 = `paper.aux'.

LaTeX Font Info:    Checking defaults for OML/cmm/m/it on input line 121.
LaTeX Font Info:    ... okay on input line 121.
LaTeX Font Info:    Checking defaults for OMS/cmsy/m/n on input line 121.
LaTeX Font Info:    ... okay on input line 121.
LaTeX Font Info:    Checking defaults for OT1/cmr/m/n on input line 121.
LaTeX Font Info:    ... okay on input line 121.
LaTeX Font Info:    Checking defaults for T1/cmr/m/n on input line 121.
LaTeX Font Info:    ... okay on input line 121.
LaTeX Font Info:    Checking defaults for TS1/cmr/m/n on input line 121.
LaTeX Font Info:    ... okay on input line 121.
LaTeX Font Info:    Checking defaults for OMX/cmex/m/n on input line 121.
LaTeX Font Info:    ... okay on input line 121.
LaTeX Font Info:    Checking defaults for U/cmr/m/n on input line 121.
LaTeX Font Info:    ... okay on input line 121.
LaTeX Font Info:    Checking defaults for PD1/pdf/m/n on input line 121.
LaTeX Font Info:    ... okay on input line 121.
LaTeX Font Info:    Checking defaults for PU/pdf/m/n on input line 121.
LaTeX Font Info:    ... okay on input line 121.
(/usr/local/texlive/texmf-dist/tex/context/base/mkii/supp-pdf.mkii
[Loading MPS to PDF converter (version 2006.09.02).]
\scratchcounter=\count326
\scratchdimen=\dimen272
\scratchbox=\box78
\nofMPsegments=\count327
\nofMParguments=\count328
\everyMPshowfont=\toks39
\MPscratchCnt=\count329
\MPscratchDim=\dimen273
\MPnumerator=\count330
\makeMPintoPDFobject=\count331
\everyMPtoPDFconversion=\toks40
) (/usr/local/texlive/texmf-dist/tex/latex/epstopdf-pkg/epstopdf-base.sty
Package: epstopdf-base 2020-01-24 v2.11 Base part for package epstopdf
Package epstopdf-base Info: Redefining graphics rule for `.eps' on input line 4
85.
(/usr/local/texlive/texmf-dist/tex/latex/latexconfig/epstopdf-sys.cfg
File: epstopdf-sys.cfg 2010/07/13 v1.3 Configuration of (r)epstopdf for TeX Liv
e
))
Package hyperref Info: Link coloring OFF on input line 121.
(/usr/local/texlive/texmf-dist/tex/latex/hyperref/nameref.sty
Package: nameref 2021-04-02 v2.47 Cross-referencing by name of section
(/usr/local/texlive/texmf-dist/tex/latex/refcount/refcount.sty
Package: refcount 2019/12/15 v3.6 Data extraction from label references (HO)
) (/usr/local/texlive/texmf-dist/tex/generic/gettitlestring/gettitlestring.sty
Package: gettitlestring 2019/12/15 v1.6 Cleanup title references (HO)
)
\c@section@level=\count332
)
LaTeX Info: Redefining \ref on input line 121.
LaTeX Info: Redefining \pageref on input line 121.
LaTeX Info: Redefining \nameref on input line 121.
(./paper.out) (./paper.out)
\@outlinefile=\write4
\openout4 = `paper.out'.

*geometry* driver: auto-detecting
*geometry* detected driver: pdftex
*geometry* verbose mode - [ preamble ] result:
* driver: pdftex
* paper: <default>
* layout: <same size as paper>
* layoutoffset:(h,v)=(0.0pt,0.0pt)
* modes: 
* h-part:(L,W,R)=(92.14519pt, 430.00462pt, 92.14519pt)
* v-part:(T,H,B)=(95.39737pt, 556.47656pt, 143.09605pt)
* \paperwidth=614.295pt
* \paperheight=794.96999pt
* \textwidth=430.00462pt
* \textheight=556.47656pt
* \oddsidemargin=19.8752pt
* \evensidemargin=19.8752pt
* \topmargin=-13.87262pt
* \headheight=12.0pt
* \headsep=25.0pt
* \topskip=10.0pt
* \footskip=30.0pt
* \marginparwidth=65.0pt
* \marginparsep=11.0pt
* \columnsep=10.0pt
* \skip\footins=24.0pt
* \hoffset=0.0pt
* \voffset=0.0pt
* \mag=1000
* \@twocolumnfalse
* \@twosidefalse
* \@mparswitchfalse
* \@reversemarginfalse
* (1in=72.27pt=25.4mm, 1cm=28.453pt)

Package caption Info: Begin \AtBeginDocument code.
Package caption Info: float package is loaded.
Package caption Info: threeparttable package is loaded.
Package caption Info: wrapfig package is loaded.
Package caption Info: End \AtBeginDocument code.
LaTeX Font Info:    Trying to load font information for OT1+lmr on input line 1
38.
(/usr/local/texlive/texmf-dist/tex/latex/lm/ot1lmr.fd
File: ot1lmr.fd 2015/05/01 v1.6.1 Font defs for Latin Modern
)
LaTeX Font Info:    Trying to load font information for OML+lmm on input line 1
38.
(/usr/local/texlive/texmf-dist/tex/latex/lm/omllmm.fd
File: omllmm.fd 2015/05/01 v1.6.1 Font defs for Latin Modern
)
LaTeX Font Info:    Trying to load font information for OMS+lmsy on input line 
138.
(/usr/local/texlive/texmf-dist/tex/latex/lm/omslmsy.fd
File: omslmsy.fd 2015/05/01 v1.6.1 Font defs for Latin Modern
)
LaTeX Font Info:    Trying to load font information for OMX+lmex on input line 
138.
(/usr/local/texlive/texmf-dist/tex/latex/lm/omxlmex.fd
File: omxlmex.fd 2015/05/01 v1.6.1 Font defs for Latin Modern
)
LaTeX Font Info:    External font `lmex10' loaded for size
(Font)              <8> on input line 138.
LaTeX Font Info:    External font `lmex10' loaded for size
(Font)              <6> on input line 138.
LaTeX Font Info:    External font `lmex10' loaded for size
(Font)              <5> on input line 138.
LaTeX Font Info:    Trying to load font information for U+msa on input line 138
.
(/usr/local/texlive/texmf-dist/tex/latex/amsfonts/umsa.fd
File: umsa.fd 2013/01/14 v3.01 AMS symbols A
)
LaTeX Font Info:    Trying to load font information for U+msb on input line 138
.
(/usr/local/texlive/texmf-dist/tex/latex/amsfonts/umsb.fd
File: umsb.fd 2013/01/14 v3.01 AMS symbols B
)
LaTeX Font Info:    Trying to load font information for T1+lmtt on input line 1
38.
(/usr/local/texlive/texmf-dist/tex/latex/lm/t1lmtt.fd
File: t1lmtt.fd 2015/05/01 v1.6.1 Font defs for Latin Modern
)
LaTeX Font Info:    External font `lmex10' loaded for size
(Font)              <10> on input line 138.
LaTeX Font Info:    External font `lmex10' loaded for size
(Font)              <7> on input line 138.
[1


{/opt/texlive/texmf-var/fonts/map/pdftex/updmap/pdftex.map}]

Package geometry Warning: `a4paper': not available in `\newgeometry'; skipped.

*geometry* verbose mode - [ newgeometry ] result:
* driver: pdftex
* paper: <default>
* layout: <same size as paper>
* layoutoffset:(h,v)=(0.0pt,0.0pt)
* modes: 
* h-part:(L,W,R)=(72.26999pt, 469.75502pt, 72.26999pt)
* v-part:(T,H,B)=(72.26999pt, 650.43001pt, 72.26999pt)
* \paperwidth=614.295pt
* \paperheight=794.96999pt
* \textwidth=469.75502pt
* \textheight=650.43001pt
* \oddsidemargin=0.0pt
* \evensidemargin=0.0pt
* \topmargin=0.0pt
* \headheight=0.0pt
* \headsep=0.0pt
* \topskip=10.0pt
* \footskip=30.0pt
* \marginparwidth=65.0pt
* \marginparsep=11.0pt
* \columnsep=10.0pt
* \skip\footins=24.0pt
* \hoffset=0.0pt
* \voffset=0.0pt
* \mag=1000
* \@twocolumnfalse
* \@twosidefalse
* \@mparswitchfalse
* \@reversemarginfalse
* (1in=72.27pt=25.4mm, 1cm=28.453pt)

[2



] [3] [4] [5] [6] [7] [8] [9]
Underfull \hbox (badness 10000) in paragraph at lines 294--300

 []

[10] [11] [12] [13] [14] [15] [16] [17] [18] [19] [20] [21

] [22]
Overfull \hbox (8.52774pt too wide) in alignment at lines 555--560
 [] [] [] [] [] [] [] 
 []


Overfull \hbox (8.52774pt too wide) in alignment at lines 560--565
 [] [] [] [] [] [] [] 
 []


Overfull \hbox (8.52774pt too wide) in alignment at lines 565--567
 [] [] [] [] [] [] [] 
 []


Overfull \hbox (8.52774pt too wide) in alignment at lines 567--569
 [] [] [] [] [] [] [] 
 []


Overfull \hbox (8.52774pt too wide) in alignment at lines 569--829
 [] [] [] [] [] [] [] 
 []

[23] [24] [25] [26] [27] [28] [29] [30] [31] [32] [33] [34] [35] [36] [37] [38]
[39] [40] [41] [42] [43] [44]
Overfull \hbox (2.22221pt too wide) in paragraph at lines 2089--2092
[][] []
 []


Underfull \hbox (badness 10000) in paragraph at lines 2089--2092

 []


Overfull \hbox (2.22221pt too wide) in paragraph at lines 2093--2096
[][] []
 []


Underfull \hbox (badness 10000) in paragraph at lines 2093--2096

 []


Overfull \hbox (2.22221pt too wide) in paragraph at lines 2097--2100
[][] []
 []


Underfull \hbox (badness 10000) in paragraph at lines 2097--2100

 []


Overfull \hbox (2.22221pt too wide) in paragraph at lines 2101--2104
[][] []
 []


Underfull \hbox (badness 10000) in paragraph at lines 2101--2104

 []


Overfull \hbox (2.22221pt too wide) in paragraph at lines 2105--2108
[][] []
 []


Underfull \hbox (badness 10000) in paragraph at lines 2105--2108

 []


Overfull \hbox (2.22221pt too wide) in paragraph at lines 2109--2112
[][] []
 []


Underfull \hbox (badness 10000) in paragraph at lines 2109--2112

 []


Overfull \hbox (2.22221pt too wide) in paragraph at lines 2113--2116
[][] []
 []


Underfull \hbox (badness 10000) in paragraph at lines 2113--2116

 []


Overfull \hbox (2.22221pt too wide) in paragraph at lines 2117--2120
[][] []
 []


Underfull \hbox (badness 10000) in paragraph at lines 2117--2120

 []


Overfull \hbox (2.22221pt too wide) in paragraph at lines 2121--2124
[][] []
 []


Underfull \hbox (badness 10000) in paragraph at lines 2121--2124

 []


Overfull \hbox (2.22221pt too wide) in paragraph at lines 2125--2128
[][] []
 []


Underfull \hbox (badness 10000) in paragraph at lines 2125--2128

 []


Overfull \hbox (2.22221pt too wide) in paragraph at lines 2129--2132
[][] []
 []


Underfull \hbox (badness 10000) in paragraph at lines 2129--2132

 []


Overfull \hbox (2.22221pt too wide) in paragraph at lines 2133--2136
[][] []
 []


Underfull \hbox (badness 10000) in paragraph at lines 2133--2136

 []


Overfull \hbox (2.22221pt too wide) in paragraph at lines 2137--2140
[][] []
 []


Underfull \hbox (badness 10000) in paragraph at lines 2137--2140

 []


Overfull \hbox (2.22221pt too wide) in paragraph at lines 2141--2144
[][] []
 []


Underfull \hbox (badness 10000) in paragraph at lines 2141--2144

 []


Overfull \hbox (2.22221pt too wide) in paragraph at lines 2145--2148
[][] []
 []


Underfull \hbox (badness 10000) in paragraph at lines 2145--2148

 []


Overfull \hbox (2.22221pt too wide) in paragraph at lines 2149--2152
[][] []
 []


Underfull \hbox (badness 10000) in paragraph at lines 2149--2152

 []


Overfull \hbox (2.22221pt too wide) in paragraph at lines 2153--2156
[][] []
 []


Underfull \hbox (badness 10000) in paragraph at lines 2153--2156

 []


Overfull \hbox (2.22221pt too wide) in paragraph at lines 2157--2160
[][] []
 []


Underfull \hbox (badness 10000) in paragraph at lines 2157--2160

 []


Underfull \hbox (badness 1924) in paragraph at lines 2163--2163
[]\T1/lmr/m/n/10 Daskalaki C, Kostakis A, Ski-adopou-los G. Are there com-mon f
ac-tors in in-di-vid-
 []


Underfull \hbox (badness 2409) in paragraph at lines 2163--2163
\T1/lmr/m/n/10 ual com-mod-ity fu-tures re-turns? Jour-nal of Bank-ing & Fi-nan
ce 2014;40:346--63.
 []


Overfull \hbox (2.22221pt too wide) in paragraph at lines 2161--2164
[][] []
 []


Underfull \hbox (badness 10000) in paragraph at lines 2161--2164

 []


Overfull \hbox (2.22221pt too wide) in paragraph at lines 2165--2168
[][] []
 []


Underfull \hbox (badness 10000) in paragraph at lines 2165--2168

 []

[45

]
Overfull \hbox (2.22221pt too wide) in paragraph at lines 2169--2172
[][] []
 []


Underfull \hbox (badness 10000) in paragraph at lines 2169--2172

 []


Overfull \hbox (2.22221pt too wide) in paragraph at lines 2173--2176
[][] []
 []


Underfull \hbox (badness 10000) in paragraph at lines 2173--2176

 []


Underfull \hbox (badness 1681) in paragraph at lines 2179--2179
[]\T1/lmr/m/n/10 Boons M, Prado MP. Basis-momentum. The Jour-nal of Fi-nance 20
19;74:239--79.
 []


Overfull \hbox (2.22221pt too wide) in paragraph at lines 2177--2180
[][] []
 []


Underfull \hbox (badness 10000) in paragraph at lines 2177--2180

 []


Overfull \hbox (2.22221pt too wide) in paragraph at lines 2181--2184
[][] []
 []


Underfull \hbox (badness 10000) in paragraph at lines 2181--2184

 []


Overfull \hbox (2.22221pt too wide) in paragraph at lines 2185--2188
[][] []
 []


Underfull \hbox (badness 10000) in paragraph at lines 2185--2188

 []


Overfull \hbox (2.22221pt too wide) in paragraph at lines 2189--2192
[][] []
 []


Underfull \hbox (badness 10000) in paragraph at lines 2189--2192

 []


Overfull \hbox (2.22221pt too wide) in paragraph at lines 2193--2196
[][] []
 []


Underfull \hbox (badness 10000) in paragraph at lines 2193--2196

 []


Overfull \hbox (2.22221pt too wide) in paragraph at lines 2197--2200
[][] []
 []


Underfull \hbox (badness 10000) in paragraph at lines 2197--2200

 []


Underfull \hbox (badness 5460) in paragraph at lines 2203--2203
[]\T1/lmr/m/n/10 Basu D, Miffre J. Cap-tur-ing the risk pre-mium of com-mod-ity
 fu-tures: The
 []


Underfull \hbox (badness 8189) in paragraph at lines 2203--2203
\T1/lmr/m/n/10 role of hedg-ing pres-sure. Jour-nal of Bank-ing & Fi-nance 2013
;37:2652--64.
 []


Overfull \hbox (2.22221pt too wide) in paragraph at lines 2201--2204
[][] []
 []


Underfull \hbox (badness 10000) in paragraph at lines 2201--2204

 []


Overfull \hbox (2.22221pt too wide) in paragraph at lines 2205--2208
[][] []
 []


Underfull \hbox (badness 10000) in paragraph at lines 2205--2208

 []


Overfull \hbox (2.22221pt too wide) in paragraph at lines 2209--2212
[][] []
 []


Underfull \hbox (badness 10000) in paragraph at lines 2209--2212

 []


Underfull \hbox (badness 1629) in paragraph at lines 2215--2215
[]\T1/lmr/m/n/10 Hong H, Yogo M. What does fu-tures mar-ket in-ter-est tell us 
about the macroe-
 []


Underfull \hbox (badness 7631) in paragraph at lines 2215--2215
\T1/lmr/m/n/10 con-omy and as-set prices? Jour-nal of Fi-nan-cial Eco-nomics 20
12;105:473--90.
 []


Overfull \hbox (2.22221pt too wide) in paragraph at lines 2213--2216
[][] []
 []


Underfull \hbox (badness 10000) in paragraph at lines 2213--2216

 []


Overfull \hbox (2.22221pt too wide) in paragraph at lines 2217--2220
[][] []
 []


Underfull \hbox (badness 10000) in paragraph at lines 2217--2220

 []


Overfull \hbox (2.22221pt too wide) in paragraph at lines 2221--2224
[][] []
 []


Underfull \hbox (badness 10000) in paragraph at lines 2221--2224

 []


Overfull \hbox (2.22221pt too wide) in paragraph at lines 2225--2228
[][] []
 []


Underfull \hbox (badness 10000) in paragraph at lines 2225--2228

 []


Underfull \hbox (badness 1286) in paragraph at lines 2231--2231
[]\T1/lmr/m/n/10 Christoffersen P, Lunde A, Ole-sen KV. Fac-tor struc-ture in c
om-mod-ity fu-tures re-
 []


Underfull \hbox (badness 3138) in paragraph at lines 2231--2231
\T1/lmr/m/n/10 turn and volatil-ity. Jour-nal of Fi-nan-cial and Quan-ti-ta-tiv
e Anal-y-sis 2014:1--74.
 []


Overfull \hbox (2.22221pt too wide) in paragraph at lines 2229--2232
[][] []
 []


Underfull \hbox (badness 10000) in paragraph at lines 2229--2232

 []


Overfull \hbox (2.22221pt too wide) in paragraph at lines 2233--2236
[][] []
 []


Underfull \hbox (badness 10000) in paragraph at lines 2233--2236

 []


Overfull \hbox (2.22221pt too wide) in paragraph at lines 2237--2240
[][] []
 []


Underfull \hbox (badness 10000) in paragraph at lines 2237--2240

 []

[46]
Overfull \hbox (2.22221pt too wide) in paragraph at lines 2241--2244
[][] []
 []


Underfull \hbox (badness 10000) in paragraph at lines 2241--2244

 []


Overfull \hbox (2.22221pt too wide) in paragraph at lines 2245--2248
[][] []
 []


Underfull \hbox (badness 10000) in paragraph at lines 2245--2248

 []


Overfull \hbox (2.22221pt too wide) in paragraph at lines 2249--2252
[][] []
 []


Underfull \hbox (badness 10000) in paragraph at lines 2249--2252

 []


Overfull \hbox (2.22221pt too wide) in paragraph at lines 2253--2256
[][] []
 []


Underfull \hbox (badness 10000) in paragraph at lines 2253--2256

 []


Overfull \hbox (2.22221pt too wide) in paragraph at lines 2257--2260
[][] []
 []


Underfull \hbox (badness 10000) in paragraph at lines 2257--2260

 []


Overfull \hbox (2.22221pt too wide) in paragraph at lines 2261--2264
[][] []
 []


Underfull \hbox (badness 10000) in paragraph at lines 2261--2264

 []


Overfull \hbox (2.22221pt too wide) in paragraph at lines 2265--2268
[][] []
 []


Underfull \hbox (badness 10000) in paragraph at lines 2265--2268

 []


Overfull \hbox (2.22221pt too wide) in paragraph at lines 2269--2272
[][] []
 []


Underfull \hbox (badness 10000) in paragraph at lines 2269--2272

 []


Overfull \hbox (2.22221pt too wide) in paragraph at lines 2273--2276
[][] []
 []


Underfull \hbox (badness 10000) in paragraph at lines 2273--2276

 []


Overfull \hbox (2.22221pt too wide) in paragraph at lines 2277--2280
[][] []
 []


Underfull \hbox (badness 10000) in paragraph at lines 2277--2280

 []


Overfull \hbox (2.22221pt too wide) in paragraph at lines 2281--2284
[][] []
 []


Underfull \hbox (badness 10000) in paragraph at lines 2281--2284

 []


Overfull \hbox (2.22221pt too wide) in paragraph at lines 2285--2288
[][] []
 []


Underfull \hbox (badness 10000) in paragraph at lines 2285--2288

 []


Overfull \hbox (2.22221pt too wide) in paragraph at lines 2289--2292
[][] []
 []


Underfull \hbox (badness 10000) in paragraph at lines 2289--2292

 []


Overfull \hbox (2.22221pt too wide) in paragraph at lines 2293--2296
[][] []
 []


Underfull \hbox (badness 10000) in paragraph at lines 2293--2296

 []


Overfull \hbox (2.22221pt too wide) in paragraph at lines 2297--2300
[][] []
 []


Underfull \hbox (badness 10000) in paragraph at lines 2297--2300

 []


Overfull \hbox (2.22221pt too wide) in paragraph at lines 2301--2304
[][] []
 []


Underfull \hbox (badness 10000) in paragraph at lines 2301--2304

 []


Overfull \hbox (2.22221pt too wide) in paragraph at lines 2305--2308
[][] []
 []


Underfull \hbox (badness 10000) in paragraph at lines 2305--2308

 []


Overfull \hbox (2.22221pt too wide) in paragraph at lines 2309--2312
[][] []
 []


Underfull \hbox (badness 10000) in paragraph at lines 2309--2312

 []


Overfull \hbox (2.22221pt too wide) in paragraph at lines 2313--2316
[][] []
 []


Underfull \hbox (badness 10000) in paragraph at lines 2313--2316

 []


Overfull \hbox (2.22221pt too wide) in paragraph at lines 2317--2320
[][] []
 []


Underfull \hbox (badness 10000) in paragraph at lines 2317--2320

 []

[47]
Overfull \hbox (2.22221pt too wide) in paragraph at lines 2321--2324
[][] []
 []


Underfull \hbox (badness 10000) in paragraph at lines 2321--2324

 []


Overfull \hbox (2.22221pt too wide) in paragraph at lines 2325--2328
[][] []
 []


Underfull \hbox (badness 10000) in paragraph at lines 2325--2328

 []


Underfull \hbox (badness 1281) in paragraph at lines 2331--2331
[]\T1/lmr/m/n/10 Acharya VV, Lochstoer LA, Ra-mado-rai T. Lim-its to ar-bi-trag
e and hedg-ing: Ev-
 []


Underfull \hbox (badness 1158) in paragraph at lines 2331--2331
\T1/lmr/m/n/10 i-dence from com-mod-ity mar-kets. Jour-nal of Fi-nan-cial Eco-n
omics 2013;109:441--65.
 []


Overfull \hbox (2.22221pt too wide) in paragraph at lines 2329--2332
[][] []
 []


Underfull \hbox (badness 10000) in paragraph at lines 2329--2332

 []


Overfull \hbox (2.22221pt too wide) in paragraph at lines 2333--2336
[][] []
 []


Underfull \hbox (badness 10000) in paragraph at lines 2333--2336

 []


Overfull \hbox (2.22221pt too wide) in paragraph at lines 2337--2340
[][] []
 []


Underfull \hbox (badness 10000) in paragraph at lines 2337--2340

 []


Overfull \hbox (2.22221pt too wide) in paragraph at lines 2341--2344
[][] []
 []


Underfull \hbox (badness 10000) in paragraph at lines 2341--2344

 []


Overfull \hbox (2.22221pt too wide) in paragraph at lines 2345--2348
[][] []
 []


Underfull \hbox (badness 10000) in paragraph at lines 2345--2348

 []


Overfull \hbox (2.22221pt too wide) in paragraph at lines 2349--2352
[][] []
 []


Underfull \hbox (badness 10000) in paragraph at lines 2349--2352

 []


Overfull \hbox (2.22221pt too wide) in paragraph at lines 2353--2356
[][] []
 []


Underfull \hbox (badness 10000) in paragraph at lines 2353--2356

 []


Overfull \hbox (2.22221pt too wide) in paragraph at lines 2357--2360
[][] []
 []


Underfull \hbox (badness 10000) in paragraph at lines 2357--2360

 []


Overfull \hbox (2.22221pt too wide) in paragraph at lines 2361--2364
[][] []
 []


Underfull \hbox (badness 10000) in paragraph at lines 2361--2364

 []


Underfull \hbox (badness 2547) in paragraph at lines 2367--2367
[]\T1/lmr/m/n/10 Sanders DR, Ir-win SH. The im-pact of in-dex funds in com-mod-
ity fu-tures mar-
 []


Underfull \hbox (badness 1221) in paragraph at lines 2367--2367
\T1/lmr/m/n/10 kets: A sys-tems ap-proach. The Jour-nal of Al-ter-na-tive In-ve
st-ments 2011;14:40--9.
 []


Overfull \hbox (2.22221pt too wide) in paragraph at lines 2365--2368
[][] []
 []


Underfull \hbox (badness 10000) in paragraph at lines 2365--2368

 []


Overfull \hbox (2.22221pt too wide) in paragraph at lines 2369--2372
[][] []
 []


Underfull \hbox (badness 10000) in paragraph at lines 2369--2372

 []


Overfull \hbox (2.22221pt too wide) in paragraph at lines 2373--2376
[][] []
 []


Underfull \hbox (badness 10000) in paragraph at lines 2373--2376

 []


Overfull \hbox (2.22221pt too wide) in paragraph at lines 2377--2380
[][] []
 []


Underfull \hbox (badness 10000) in paragraph at lines 2377--2380

 []


Overfull \hbox (2.22221pt too wide) in paragraph at lines 2381--2384
[][] []
 []


Underfull \hbox (badness 10000) in paragraph at lines 2381--2384

 []


Overfull \hbox (2.22221pt too wide) in paragraph at lines 2385--2388
[][] []
 []


Underfull \hbox (badness 10000) in paragraph at lines 2385--2388

 []

[48]
Overfull \hbox (2.22221pt too wide) in paragraph at lines 2389--2392
[][] []
 []


Underfull \hbox (badness 10000) in paragraph at lines 2389--2392

 []


Overfull \hbox (2.22221pt too wide) in paragraph at lines 2393--2396
[][] []
 []


Underfull \hbox (badness 10000) in paragraph at lines 2393--2396

 []


Overfull \hbox (2.22221pt too wide) in paragraph at lines 2397--2400
[][] []
 []


Underfull \hbox (badness 10000) in paragraph at lines 2397--2400

 []


Overfull \hbox (2.22221pt too wide) in paragraph at lines 2401--2404
[][] []
 []


Underfull \hbox (badness 10000) in paragraph at lines 2401--2404

 []


Overfull \hbox (2.22221pt too wide) in paragraph at lines 2405--2408
[][] []
 []


Underfull \hbox (badness 10000) in paragraph at lines 2405--2408

 []


Underfull \hbox (badness 1242) in paragraph at lines 2411--2411
\T1/lmr/m/n/10 kets: Is there a role for fi-nan-cial spec-u-la-tion? En-ergy Ec
o-nomics 2016;53:220--9.
 []


Overfull \hbox (2.22221pt too wide) in paragraph at lines 2409--2412
[][] []
 []


Underfull \hbox (badness 10000) in paragraph at lines 2409--2412

 []


Overfull \hbox (2.22221pt too wide) in paragraph at lines 2413--2416
[][] []
 []


Underfull \hbox (badness 10000) in paragraph at lines 2413--2416

 []


Overfull \hbox (2.22221pt too wide) in paragraph at lines 2417--2420
[][] []
 []


Underfull \hbox (badness 10000) in paragraph at lines 2417--2420

 []


Overfull \hbox (2.22221pt too wide) in paragraph at lines 2421--2424
[][] []
 []


Underfull \hbox (badness 10000) in paragraph at lines 2421--2424

 []


Overfull \hbox (2.22221pt too wide) in paragraph at lines 2425--2428
[][] []
 []


Underfull \hbox (badness 10000) in paragraph at lines 2425--2428

 []


Underfull \hbox (badness 2469) in paragraph at lines 2431--2431
[]\T1/lmr/m/n/10 Irwin SH, Sanders DR. Fi-nan-cial-iza-tion and struc-tural cha
nge in com-mod-ity fu-
 []


Underfull \hbox (badness 3417) in paragraph at lines 2431--2431
\T1/lmr/m/n/10 tures mar-kets. Jour-nal of Agri-cul-tural and Ap-plied Eco-nomi
cs 2012;44:371--96.
 []


Overfull \hbox (2.22221pt too wide) in paragraph at lines 2429--2432
[][] []
 []


Underfull \hbox (badness 10000) in paragraph at lines 2429--2432

 []


Overfull \hbox (2.22221pt too wide) in paragraph at lines 2433--2436
[][] []
 []


Underfull \hbox (badness 10000) in paragraph at lines 2433--2436

 []


Overfull \hbox (2.22221pt too wide) in paragraph at lines 2437--2440
[][] []
 []


Underfull \hbox (badness 10000) in paragraph at lines 2437--2440

 []


Overfull \hbox (2.22221pt too wide) in paragraph at lines 2441--2444
[][] []
 []


Underfull \hbox (badness 10000) in paragraph at lines 2441--2444

 []


Overfull \hbox (2.22221pt too wide) in paragraph at lines 2445--2448
[][] []
 []


Underfull \hbox (badness 10000) in paragraph at lines 2445--2448

 []


Overfull \hbox (2.22221pt too wide) in paragraph at lines 2449--2452
[][] []
 []


Underfull \hbox (badness 10000) in paragraph at lines 2449--2452

 []


Overfull \hbox (2.22221pt too wide) in paragraph at lines 2453--2456
[][] []
 []


Underfull \hbox (badness 10000) in paragraph at lines 2453--2456

 []


Underfull \hbox (badness 3354) in paragraph at lines 2459--2459
[]\T1/lmr/m/n/10 Working H. Hedg-ing re-con-sid-ered. Jour-nal of Farm Eco-nomi
cs 1953;35:544--61.
 []


Overfull \hbox (2.22221pt too wide) in paragraph at lines 2457--2460
[][] []
 []


Underfull \hbox (badness 10000) in paragraph at lines 2457--2460

 []


Overfull \hbox (2.22221pt too wide) in paragraph at lines 2461--2464
[][] []
 []


Underfull \hbox (badness 10000) in paragraph at lines 2461--2464

 []

[49]
Overfull \hbox (2.22221pt too wide) in paragraph at lines 2465--2468
[][] []
 []


Underfull \hbox (badness 10000) in paragraph at lines 2465--2468

 []


Overfull \hbox (2.22221pt too wide) in paragraph at lines 2469--2472
[][] []
 []


Underfull \hbox (badness 10000) in paragraph at lines 2469--2472

 []


Overfull \hbox (2.22221pt too wide) in paragraph at lines 2473--2476
[][] []
 []


Underfull \hbox (badness 10000) in paragraph at lines 2473--2476

 []


Overfull \hbox (2.22221pt too wide) in paragraph at lines 2477--2480
[][] []
 []


Underfull \hbox (badness 10000) in paragraph at lines 2477--2480

 []


Overfull \hbox (2.22221pt too wide) in paragraph at lines 2481--2484
[][] []
 []


Underfull \hbox (badness 10000) in paragraph at lines 2481--2484

 []


Overfull \hbox (2.22221pt too wide) in paragraph at lines 2485--2488
[][] []
 []


Underfull \hbox (badness 10000) in paragraph at lines 2485--2488

 []


Overfull \hbox (2.22221pt too wide) in paragraph at lines 2489--2492
[][] []
 []


Underfull \hbox (badness 10000) in paragraph at lines 2489--2492

 []


Overfull \hbox (2.22221pt too wide) in paragraph at lines 2493--2496
[][] []
 []


Underfull \hbox (badness 10000) in paragraph at lines 2493--2496

 []


Overfull \hbox (2.22221pt too wide) in paragraph at lines 2497--2500
[][] []
 []


Underfull \hbox (badness 10000) in paragraph at lines 2497--2500

 []


Overfull \hbox (2.22221pt too wide) in paragraph at lines 2501--2504
[][] []
 []


Underfull \hbox (badness 10000) in paragraph at lines 2501--2504

 []

[50] (./paper.aux)
Package rerunfilecheck Info: File `paper.out' has not changed.
(rerunfilecheck)             Checksum: 799745D7B32207ED48F0A14E3CD484F5;913.
 ) 
Here is how much of TeX's memory you used:
 15386 strings out of 480193
 243051 string characters out of 5893201
 629497 words of memory out of 5000000
 32880 multiletter control sequences out of 15000+600000
 542860 words of font info for 75 fonts, out of 8000000 for 9000
 14 hyphenation exceptions out of 8191
 70i,11n,76p,3179b,511s stack positions out of 10000i,1000n,20000p,200000b,200000s
{/usr/local/texlive/texmf-dist/fonts/enc/dvips/lm/lm-ec.enc}{/usr/local/texli
ve/texmf-dist/fonts/enc/dvips/lm/lm-mathsy.enc}{/usr/local/texlive/texmf-dist/f
onts/enc/dvips/lm/lm-rm.enc}{/usr/local/texlive/texmf-dist/fonts/enc/dvips/lm/l
m-mathit.enc}{/usr/local/texlive/texmf-dist/fonts/enc/dvips/lm/lm-mathex.enc}</
usr/local/texlive/texmf-dist/fonts/type1/public/lm/lmbx10.pfb></usr/local/texli
ve/texmf-dist/fonts/type1/public/lm/lmbx9.pfb></usr/local/texlive/texmf-dist/fo
nts/type1/public/lm/lmex10.pfb></usr/local/texlive/texmf-dist/fonts/type1/publi
c/lm/lmmi10.pfb></usr/local/texlive/texmf-dist/fonts/type1/public/lm/lmmi5.pfb>
</usr/local/texlive/texmf-dist/fonts/type1/public/lm/lmmi6.pfb></usr/local/texl
ive/texmf-dist/fonts/type1/public/lm/lmmi7.pfb></usr/local/texlive/texmf-dist/f
onts/type1/public/lm/lmmi8.pfb></usr/local/texlive/texmf-dist/fonts/type1/publi
c/lm/lmr10.pfb></usr/local/texlive/texmf-dist/fonts/type1/public/lm/lmr12.pfb><
/usr/local/texlive/texmf-dist/fonts/type1/public/lm/lmr5.pfb></usr/local/texliv
e/texmf-dist/fonts/type1/public/lm/lmr6.pfb></usr/local/texlive/texmf-dist/font
s/type1/public/lm/lmr7.pfb></usr/local/texlive/texmf-dist/fonts/type1/public/lm
/lmr8.pfb></usr/local/texlive/texmf-dist/fonts/type1/public/lm/lmr9.pfb></usr/l
ocal/texlive/texmf-dist/fonts/type1/public/lm/lmri10.pfb></usr/local/texlive/te
xmf-dist/fonts/type1/public/lm/lmri7.pfb></usr/local/texlive/texmf-dist/fonts/t
ype1/public/lm/lmri8.pfb></usr/local/texlive/texmf-dist/fonts/type1/public/lm/l
msy10.pfb></usr/local/texlive/texmf-dist/fonts/type1/public/lm/lmsy5.pfb></usr/
local/texlive/texmf-dist/fonts/type1/public/lm/lmsy6.pfb></usr/local/texlive/te
xmf-dist/fonts/type1/public/lm/lmsy7.pfb></usr/local/texlive/texmf-dist/fonts/t
ype1/public/lm/lmsy8.pfb></usr/local/texlive/texmf-dist/fonts/type1/public/lm/l
mtt8.pfb>
Output written on paper.pdf (50 pages, 521353 bytes).
PDF statistics:
 769 PDF objects out of 1000 (max. 8388607)
 640 compressed objects within 7 object streams
 201 named destinations out of 1000 (max. 500000)
 73 words of extra memory for PDF output out of 10000 (max. 10000000)

